<?xml version="1.0" encoding="UTF-8"?>
<testng-results ignored="0" total="1" passed="1" failed="0" skipped="0">
  <reporter-output>
  </reporter-output>
  <suite started-at="2025-12-09T17:17:24 IST" name="Default suite" finished-at="2025-12-09T17:18:17 IST" duration-ms="52824">
    <groups>
    </groups>
    <test started-at="2025-12-09T17:17:24 IST" name="Default test" finished-at="2025-12-09T17:18:17 IST" duration-ms="52824">
      <class name="demos.LoginTest">
        <test-method is-config="true" signature="setup()[pri:0, instance:demos.LoginTest@7a69b07]" started-at="2025-12-09T17:17:24 IST" name="setup" finished-at="2025-12-09T17:18:17 IST" duration-ms="52528" status="PASS">
          <reporter-output>
          </reporter-output>
        </test-method> <!-- setup -->
        <test-method signature="testLogin()[pri:0, instance:demos.LoginTest@7a69b07]" started-at="2025-12-09T17:18:17 IST" name="testLogin" finished-at="2025-12-09T17:18:17 IST" duration-ms="261" status="PASS">
          <reporter-output>
          </reporter-output>
        </test-method> <!-- testLogin -->
      </class> <!-- demos.LoginTest -->
    </test> <!-- Default test -->
  </suite> <!-- Default suite -->
</testng-results>
